Removed Pin From Net: NetName=PE6 Pin=J1-3
Removed Pin From Net: NetName=PC14 Pin=J1-4
Removed Pin From Net: NetName=PF0 Pin=J1-5
Removed Pin From Net: NetName=PF2 Pin=J1-6
Removed Pin From Net: NetName=PF4 Pin=J1-7
Removed Pin From Net: NetName=PF6 Pin=J1-8
Removed Pin From Net: NetName=PF8 Pin=J1-9
Removed Pin From Net: NetName=PF10 Pin=J1-10
Removed Pin From Net: NetName=PC1 Pin=J1-11
Removed Pin From Net: NetName=PC3 Pin=J1-12
Removed Pin From Net: NetName=PA1 Pin=J1-13
Removed Pin From Net: NetName=PA3 Pin=J1-14
Removed Pin From Net: NetName=PA5 Pin=J1-15
Removed Pin From Net: NetName=PA7 Pin=J1-16
Removed Pin From Net: NetName=PC5 Pin=J1-17
Removed Pin From Net: NetName=PB1 Pin=J1-18
Removed Pin From Net: NetName=PF11 Pin=J1-19
Removed Pin From Net: NetName=PF13 Pin=J1-20
Removed Pin From Net: NetName=PF15 Pin=J1-21
Removed Pin From Net: NetName=PG0 Pin=J1-30
Removed Pin From Net: NetName=PF14 Pin=J1-31
Removed Pin From Net: NetName=PF12 Pin=J1-32
Removed Pin From Net: NetName=PB2 Pin=J1-33
Removed Pin From Net: NetName=PB0 Pin=J1-34
Removed Pin From Net: NetName=PC4 Pin=J1-35
Removed Pin From Net: NetName=PA6 Pin=J1-36
Removed Pin From Net: NetName=PA4 Pin=J1-37
Removed Pin From Net: NetName=PA2 Pin=J1-38
Removed Pin From Net: NetName=PA0 Pin=J1-39
Removed Pin From Net: NetName=PC2 Pin=J1-40
Removed Pin From Net: NetName=PC0 Pin=J1-41
Removed Pin From Net: NetName=PF9 Pin=J1-42
Removed Pin From Net: NetName=PF7 Pin=J1-43
Removed Pin From Net: NetName=PF5 Pin=J1-44
Removed Pin From Net: NetName=PF3 Pin=J1-45
Removed Pin From Net: NetName=PF1 Pin=J1-46
Removed Pin From Net: NetName=PC15 Pin=J1-47
Removed Pin From Net: NetName=PC13 Pin=J1-48
Removed Pin From Net: NetName=PE5 Pin=J1-49
Removed Pin From Net: NetName=PE4 Pin=J1-50
Removed Pin From Net: NetName=PD2 Pin=J2-1
Removed Pin From Net: NetName=PD0 Pin=J2-2
Removed Pin From Net: NetName=PC11 Pin=J2-3
Removed Pin From Net: NetName=PA15 Pin=J2-4
Removed Pin From Net: NetName=PA13 Pin=J2-5
Removed Pin From Net: NetName=PA11 Pin=J2-6
Removed Pin From Net: NetName=PA9 Pin=J2-7
Removed Pin From Net: NetName=PC9 Pin=J2-8
Removed Pin From Net: NetName=PC7 Pin=J2-9
Removed Pin From Net: NetName=PG8 Pin=J2-10
Removed Pin From Net: NetName=PG6 Pin=J2-11
Removed Pin From Net: NetName=PG4 Pin=J2-12
Removed Pin From Net: NetName=PG2 Pin=J2-13
Removed Pin From Net: NetName=PD14 Pin=J2-14
Removed Pin From Net: NetName=PD12 Pin=J2-15
Removed Pin From Net: NetName=PD10 Pin=J2-16
Removed Pin From Net: NetName=PD8 Pin=J2-17
Removed Pin From Net: NetName=PB14 Pin=J2-18
Removed Pin From Net: NetName=PB12 Pin=J2-19
Removed Pin From Net: NetName=PB10 Pin=J2-20
Removed Pin From Net: NetName=PE14 Pin=J2-21
Removed Pin From Net: NetName=PE12 Pin=J2-22
Removed Pin From Net: NetName=PE10 Pin=J2-23
Removed Pin From Net: NetName=PE8 Pin=J2-24
Removed Pin From Net: NetName=PG1 Pin=J2-25
Removed Pin From Net: NetName=PE7 Pin=J2-26
Removed Pin From Net: NetName=PE9 Pin=J2-27
Removed Pin From Net: NetName=PE11 Pin=J2-28
Removed Pin From Net: NetName=PE13 Pin=J2-29
Removed Pin From Net: NetName=PE15 Pin=J2-30
Removed Pin From Net: NetName=PB11 Pin=J2-31
Removed Pin From Net: NetName=PB13 Pin=J2-32
Removed Pin From Net: NetName=PB15 Pin=J2-33
Removed Pin From Net: NetName=PD9 Pin=J2-34
Removed Pin From Net: NetName=PD11 Pin=J2-35
Removed Pin From Net: NetName=PD13 Pin=J2-36
Removed Pin From Net: NetName=PD15 Pin=J2-37
Removed Pin From Net: NetName=PG3 Pin=J2-38
Removed Pin From Net: NetName=PG5 Pin=J2-39
Removed Pin From Net: NetName=PG7 Pin=J2-40
Removed Pin From Net: NetName=PC6 Pin=J2-41
Removed Pin From Net: NetName=PC8 Pin=J2-42
Removed Pin From Net: NetName=PA8 Pin=J2-43
Removed Pin From Net: NetName=PA10 Pin=J2-44
Removed Pin From Net: NetName=PA12 Pin=J2-45
Removed Pin From Net: NetName=PA14 Pin=J2-46
Removed Pin From Net: NetName=PC10 Pin=J2-47
Removed Pin From Net: NetName=PC12 Pin=J2-48
Removed Pin From Net: NetName=PD1 Pin=J2-49
Removed Pin From Net: NetName=PD3 Pin=J2-50
Added Pin To Net: NetName=PE4 Pin=J1-3
Added Pin To Net: NetName=PE5 Pin=J1-4
Added Pin To Net: NetName=PE6 Pin=J1-5
Added Pin To Net: NetName=PC13 Pin=J1-6
Added Pin To Net: NetName=PC14 Pin=J1-7
Added Pin To Net: NetName=PC15 Pin=J1-8
Added Pin To Net: NetName=PF0 Pin=J1-9
Added Pin To Net: NetName=PF1 Pin=J1-10
Added Pin To Net: NetName=PF2 Pin=J1-11
Added Pin To Net: NetName=PF3 Pin=J1-12
Added Pin To Net: NetName=PF4 Pin=J1-13
Added Pin To Net: NetName=PF5 Pin=J1-14
Added Pin To Net: NetName=PF6 Pin=J1-15
Added Pin To Net: NetName=PF7 Pin=J1-16
Added Pin To Net: NetName=PF8 Pin=J1-17
Added Pin To Net: NetName=PF9 Pin=J1-18
Added Pin To Net: NetName=PF10 Pin=J1-19
Added Pin To Net: NetName=PC0 Pin=J1-20
Added Pin To Net: NetName=PC1 Pin=J1-21
Added Pin To Net: NetName=PC2 Pin=J1-30
Added Pin To Net: NetName=PC3 Pin=J1-31
Added Pin To Net: NetName=PA0 Pin=J1-32
Added Pin To Net: NetName=PA1 Pin=J1-33
Added Pin To Net: NetName=PA2 Pin=J1-34
Added Pin To Net: NetName=PA3 Pin=J1-35
Added Pin To Net: NetName=PA4 Pin=J1-36
Added Pin To Net: NetName=PA5 Pin=J1-37
Added Pin To Net: NetName=PA6 Pin=J1-38
Added Pin To Net: NetName=PA7 Pin=J1-39
Added Pin To Net: NetName=PC4 Pin=J1-40
Added Pin To Net: NetName=PC5 Pin=J1-41
Added Pin To Net: NetName=PB0 Pin=J1-42
Added Pin To Net: NetName=PB1 Pin=J1-43
Added Pin To Net: NetName=PB2 Pin=J1-44
Added Pin To Net: NetName=PF11 Pin=J1-45
Added Pin To Net: NetName=PF12 Pin=J1-46
Added Pin To Net: NetName=PF13 Pin=J1-47
Added Pin To Net: NetName=PF14 Pin=J1-48
Added Pin To Net: NetName=PF15 Pin=J1-49
Added Pin To Net: NetName=PG0 Pin=J1-50
Added Pin To Net: NetName=PD3 Pin=J2-1
Added Pin To Net: NetName=PD2 Pin=J2-2
Added Pin To Net: NetName=PD1 Pin=J2-3
Added Pin To Net: NetName=PD0 Pin=J2-4
Added Pin To Net: NetName=PC12 Pin=J2-5
Added Pin To Net: NetName=PC11 Pin=J2-6
Added Pin To Net: NetName=PC10 Pin=J2-7
Added Pin To Net: NetName=PA15 Pin=J2-8
Added Pin To Net: NetName=PA14 Pin=J2-9
Added Pin To Net: NetName=PA13 Pin=J2-10
Added Pin To Net: NetName=PA12 Pin=J2-11
Added Pin To Net: NetName=PA11 Pin=J2-12
Added Pin To Net: NetName=PA10 Pin=J2-13
Added Pin To Net: NetName=PA9 Pin=J2-14
Added Pin To Net: NetName=PA8 Pin=J2-15
Added Pin To Net: NetName=PC9 Pin=J2-16
Added Pin To Net: NetName=PC8 Pin=J2-17
Added Pin To Net: NetName=PC7 Pin=J2-18
Added Pin To Net: NetName=PC6 Pin=J2-19
Added Pin To Net: NetName=PG8 Pin=J2-20
Added Pin To Net: NetName=PG7 Pin=J2-21
Added Pin To Net: NetName=PG6 Pin=J2-22
Added Pin To Net: NetName=PG5 Pin=J2-23
Added Pin To Net: NetName=PG4 Pin=J2-24
Added Pin To Net: NetName=PG3 Pin=J2-25
Added Pin To Net: NetName=PG2 Pin=J2-26
Added Pin To Net: NetName=PD15 Pin=J2-27
Added Pin To Net: NetName=PD14 Pin=J2-28
Added Pin To Net: NetName=PD13 Pin=J2-29
Added Pin To Net: NetName=PD12 Pin=J2-30
Added Pin To Net: NetName=PD11 Pin=J2-31
Added Pin To Net: NetName=PD10 Pin=J2-32
Added Pin To Net: NetName=PD9 Pin=J2-33
Added Pin To Net: NetName=PD8 Pin=J2-34
Added Pin To Net: NetName=PB15 Pin=J2-35
Added Pin To Net: NetName=PB14 Pin=J2-36
Added Pin To Net: NetName=PB13 Pin=J2-37
Added Pin To Net: NetName=PB12 Pin=J2-38
Added Pin To Net: NetName=PB11 Pin=J2-39
Added Pin To Net: NetName=PB10 Pin=J2-40
Added Pin To Net: NetName=PE15 Pin=J2-41
Added Pin To Net: NetName=PE14 Pin=J2-42
Added Pin To Net: NetName=PE13 Pin=J2-43
Added Pin To Net: NetName=PE12 Pin=J2-44
Added Pin To Net: NetName=PE11 Pin=J2-45
Added Pin To Net: NetName=PE10 Pin=J2-46
Added Pin To Net: NetName=PE9 Pin=J2-47
Added Pin To Net: NetName=PE8 Pin=J2-48
Added Pin To Net: NetName=PE7 Pin=J2-49
Added Pin To Net: NetName=PG1 Pin=J2-50
Added Room: Name=Sheet1
