Change Component Footprint: Designator=Y2 Old Footprint=XTAL4 New Footprint=XTAL32
Added Component: Designator=C15(0805)
Added Component: Designator=C16(0805)
Added Component: Designator=C17(0805)
Added Component: Designator=C18(0805)
Added Component: Designator=C19(0805)
Added Component: Designator=C20(0805)
Added Component: Designator=C21(0805)
Added Component: Designator=C22(0805)
Added Component: Designator=C23(0805)
Added Component: Designator=C24(0805)
Added Component: Designator=C25(0805)
Added Component: Designator=C26(0805)
Added Component: Designator=C27(CC6.56.5)
Added Pin To Net: NetName=VSS_1 Pin=C15-1
Added Pin To Net: NetName=VDD_1 Pin=C15-2
Added Pin To Net: NetName=VSS_1 Pin=C16-1
Added Pin To Net: NetName=VDD_1 Pin=C16-2
Added Pin To Net: NetName=VDD_1 Pin=C17-1
Added Pin To Net: NetName=VSS_1 Pin=C17-2
Added Pin To Net: NetName=VSS_1 Pin=C18-1
Added Pin To Net: NetName=VDD_1 Pin=C18-2
Added Pin To Net: NetName=VSS_1 Pin=C19-1
Added Pin To Net: NetName=VDD_1 Pin=C19-2
Added Pin To Net: NetName=VSS_1 Pin=C20-1
Added Pin To Net: NetName=VDD_1 Pin=C20-2
Added Pin To Net: NetName=VSS_1 Pin=C21-1
Added Pin To Net: NetName=VDD_1 Pin=C21-2
Added Pin To Net: NetName=VSS_1 Pin=C22-1
Added Pin To Net: NetName=VDD_1 Pin=C22-2
Added Pin To Net: NetName=VSS_1 Pin=C23-1
Added Pin To Net: NetName=VDD_1 Pin=C23-2
Added Pin To Net: NetName=VSS_1 Pin=C24-1
Added Pin To Net: NetName=VDD_1 Pin=C24-2
Added Pin To Net: NetName=VSS_1 Pin=C25-1
Added Pin To Net: NetName=VDD_1 Pin=C25-2
Added Pin To Net: NetName=VSS_1 Pin=C26-1
Added Pin To Net: NetName=VDD_1 Pin=C26-2
Added Pin To Net: NetName=VDD_1 Pin=C27-1
Added Pin To Net: NetName=VSS_1 Pin=C27-2
Added Member To Class: ClassName=Sheet1 Member=Component C15 Cap
Added Member To Class: ClassName=Sheet1 Member=Component C16 Cap
Added Member To Class: ClassName=Sheet1 Member=Component C17 Cap
Added Member To Class: ClassName=Sheet1 Member=Component C18 Cap
Added Member To Class: ClassName=Sheet1 Member=Component C19 Cap
Added Member To Class: ClassName=Sheet1 Member=Component C20 Cap
Added Member To Class: ClassName=Sheet1 Member=Component C21 Cap
Added Member To Class: ClassName=Sheet1 Member=Component C22 Cap
Added Member To Class: ClassName=Sheet1 Member=Component C23 Cap
Added Member To Class: ClassName=Sheet1 Member=Component C24 Cap
Added Member To Class: ClassName=Sheet1 Member=Component C25 Cap
Added Member To Class: ClassName=Sheet1 Member=Component C26 Cap
Added Member To Class: ClassName=Sheet1 Member=Component C27 Cap Pol1
Added Room: Name=Sheet1
