Added Component: Designator=*(SOT-223)
Added Component: Designator=C1(C0805)
Added Component: Designator=C2(C0805)
Added Component: Designator=C3(C0805)
Added Component: Designator=C4(C0805)
Added Component: Designator=c5(C0805)
Added Component: Designator=C6(C0805)
Added Component: Designator=C8(C0805)
Added Component: Designator=C9(C0805)
Added Component: Designator=C15(C0805)
Added Component: Designator=C16(C0805)
Added Component: Designator=C17(C0805)
Added Component: Designator=C18(C0805)
Added Component: Designator=C19(C0805)
Added Component: Designator=C20(C0805)
Added Component: Designator=C21(C0805)
Added Component: Designator=C22(C0805)
Added Component: Designator=C23(C0805)
Added Component: Designator=C24(C0805)
Added Component: Designator=C25(C0805)
Added Component: Designator=C26(C0805)
Added Component: Designator=D1(RB.10)
Added Component: Designator=ESP8266(HDR1X6)
Added Component: Designator=GND(HDR2X3_CEN)
Added Component: Designator=GPS(HDR1X4)
Added Component: Designator=K1(BTN8.5*8.5)
Added Component: Designator=P0(HDR2X3)
Added Component: Designator=P1(HDR1X4)
Added Component: Designator=P6(DCIN)
Added Component: Designator=PM2.5/PM10(HDR1X4)
Added Component: Designator=R1(C0805)
Added Component: Designator=R2(C0805)
Added Component: Designator=R3(C0805)
Added Component: Designator=R4(C0805)
Added Component: Designator=R5(C0805)
Added Component: Designator=R6(C0805)
Added Component: Designator=R11(C0805)
Added Component: Designator=S1(key4)
Added Component: Designator=VCC(HDR2X3_CEN)
Added Component: Designator=Y1(XTAL1)
Added Component: Designator=Y2(CY-W)
Added Component: Designator=ZET6(LQFP144)
Added Component: Designator=´®¿ÚÆÁ(HDR1X4)
Added Component: Designator=¹âÕÕ(HDR1X3)
Added Component: Designator=ÑÌÎí(HDR1X3)
Added Component: Designator=ºìÍâ(HDR1X3)
Added Pin To Net: NetName=BOOT0 Pin=R3-1
Added Pin To Net: NetName=BOOT0 Pin=ZET6-138
Added Net: Name=BOOT0
Added Pin To Net: NetName=NetD1_1 Pin=D1-1
Added Pin To Net: NetName=NetD1_1 Pin=R11-2
Added Net: Name=NetD1_1
Added Pin To Net: NetName=NetK1_1 Pin=K1-1
Added Pin To Net: NetName=NetK1_1 Pin=P6-1
Added Net: Name=NetK1_1
Added Pin To Net: NetName=NetP6_3 Pin=P6-3
Added Net: Name=NetP6_3
Added Pin To Net: NetName=NRST Pin=c5-2
Added Pin To Net: NetName=NRST Pin=R2-1
Added Pin To Net: NetName=NRST Pin=S1-2
Added Pin To Net: NetName=NRST Pin=ZET6-25
Added Net: Name=NRST
Added Pin To Net: NetName=OSC_IN Pin=C1-2
Added Pin To Net: NetName=OSC_IN Pin=Y1-1
Added Pin To Net: NetName=OSC_IN Pin=ZET6-23
Added Net: Name=OSC_IN
Added Pin To Net: NetName=OSC_OUT Pin=C2-2
Added Pin To Net: NetName=OSC_OUT Pin=Y1-2
Added Pin To Net: NetName=OSC_OUT Pin=ZET6-24
Added Net: Name=OSC_OUT
Added Pin To Net: NetName=PA0 Pin=ZET6-34
Added Pin To Net: NetName=PA0 Pin=ºìÍâ-2
Added Net: Name=PA0
Added Pin To Net: NetName=PA1 Pin=ZET6-35
Added Pin To Net: NetName=PA1 Pin=ÑÌÎí-2
Added Net: Name=PA1
Added Pin To Net: NetName=PA2 Pin=GPS-2
Added Pin To Net: NetName=PA2 Pin=ZET6-36
Added Net: Name=PA2
Added Pin To Net: NetName=PA3 Pin=GPS-3
Added Pin To Net: NetName=PA3 Pin=ZET6-37
Added Pin To Net: NetName=PA3 Pin=¹âÕÕ-2
Added Net: Name=PA3
Added Pin To Net: NetName=PA4 Pin=ZET6-40
Added Net: Name=PA4
Added Pin To Net: NetName=PA5 Pin=ZET6-41
Added Net: Name=PA5
Added Pin To Net: NetName=PA6 Pin=ZET6-42
Added Net: Name=PA6
Added Pin To Net: NetName=PA7 Pin=ZET6-43
Added Net: Name=PA7
Added Pin To Net: NetName=PA8 Pin=ZET6-100
Added Net: Name=PA8
Added Pin To Net: NetName=PA9 Pin=ZET6-101
Added Pin To Net: NetName=PA9 Pin=´®¿ÚÆÁ-3
Added Net: Name=PA9
Added Pin To Net: NetName=PA10 Pin=ZET6-102
Added Pin To Net: NetName=PA10 Pin=´®¿ÚÆÁ-2
Added Net: Name=PA10
Added Pin To Net: NetName=PA11 Pin=ZET6-103
Added Net: Name=PA11
Added Pin To Net: NetName=PA12 Pin=ZET6-104
Added Net: Name=PA12
Added Pin To Net: NetName=PA13 Pin=P1-3
Added Pin To Net: NetName=PA13 Pin=ZET6-105
Added Net: Name=PA13
Added Pin To Net: NetName=PA14 Pin=P1-4
Added Pin To Net: NetName=PA14 Pin=ZET6-109
Added Net: Name=PA14
Added Pin To Net: NetName=PA15 Pin=ZET6-110
Added Net: Name=PA15
Added Pin To Net: NetName=PB0 Pin=ZET6-46
Added Net: Name=PB0
Added Pin To Net: NetName=PB1 Pin=ESP8266-5
Added Pin To Net: NetName=PB1 Pin=ZET6-47
Added Net: Name=PB1
Added Pin To Net: NetName=PB2 Pin=R1-1
Added Pin To Net: NetName=PB2 Pin=ZET6-48
Added Net: Name=PB2
Added Pin To Net: NetName=PB3 Pin=ZET6-133
Added Net: Name=PB3
Added Pin To Net: NetName=PB4 Pin=ZET6-134
Added Net: Name=PB4
Added Pin To Net: NetName=PB5 Pin=ZET6-135
Added Net: Name=PB5
Added Pin To Net: NetName=PB6 Pin=ZET6-136
Added Net: Name=PB6
Added Pin To Net: NetName=PB7 Pin=ZET6-137
Added Net: Name=PB7
Added Pin To Net: NetName=PB8 Pin=ZET6-139
Added Net: Name=PB8
Added Pin To Net: NetName=PB9 Pin=ZET6-140
Added Net: Name=PB9
Added Pin To Net: NetName=PB10 Pin=ESP8266-4
Added Pin To Net: NetName=PB10 Pin=ZET6-69
Added Net: Name=PB10
Added Pin To Net: NetName=PB11 Pin=ESP8266-3
Added Pin To Net: NetName=PB11 Pin=ZET6-70
Added Net: Name=PB11
Added Pin To Net: NetName=PB12 Pin=ZET6-73
Added Net: Name=PB12
Added Pin To Net: NetName=PB13 Pin=ZET6-74
Added Net: Name=PB13
Added Pin To Net: NetName=PB14 Pin=ZET6-75
Added Net: Name=PB14
Added Pin To Net: NetName=PB15 Pin=ZET6-76
Added Net: Name=PB15
Added Pin To Net: NetName=PC0 Pin=ZET6-26
Added Net: Name=PC0
Added Pin To Net: NetName=PC1 Pin=ZET6-27
Added Net: Name=PC1
Added Pin To Net: NetName=PC2 Pin=ZET6-28
Added Net: Name=PC2
Added Pin To Net: NetName=PC3 Pin=ZET6-29
Added Net: Name=PC3
Added Pin To Net: NetName=PC4 Pin=ZET6-44
Added Net: Name=PC4
Added Pin To Net: NetName=PC5 Pin=ZET6-45
Added Net: Name=PC5
Added Pin To Net: NetName=PC6 Pin=ZET6-96
Added Net: Name=PC6
Added Pin To Net: NetName=PC7 Pin=ZET6-97
Added Net: Name=PC7
Added Pin To Net: NetName=PC8 Pin=ZET6-98
Added Net: Name=PC8
Added Pin To Net: NetName=PC9 Pin=ZET6-99
Added Net: Name=PC9
Added Pin To Net: NetName=PC10 Pin=P0-1
Added Pin To Net: NetName=PC10 Pin=PM2.5/PM10-2
Added Pin To Net: NetName=PC10 Pin=ZET6-111
Added Net: Name=PC10
Added Pin To Net: NetName=PC11 Pin=P0-3
Added Pin To Net: NetName=PC11 Pin=PM2.5/PM10-3
Added Pin To Net: NetName=PC11 Pin=ZET6-112
Added Net: Name=PC11
Added Pin To Net: NetName=PC12 Pin=P0-5
Added Pin To Net: NetName=PC12 Pin=ZET6-113
Added Net: Name=PC12
Added Pin To Net: NetName=PC13 Pin=ZET6-7
Added Net: Name=PC13
Added Pin To Net: NetName=PC14 Pin=C3-2
Added Pin To Net: NetName=PC14 Pin=Y2-1
Added Pin To Net: NetName=PC14 Pin=ZET6-8
Added Net: Name=PC14
Added Pin To Net: NetName=PC15 Pin=C4-2
Added Pin To Net: NetName=PC15 Pin=Y2-2
Added Pin To Net: NetName=PC15 Pin=ZET6-9
Added Net: Name=PC15
Added Pin To Net: NetName=PD0 Pin=ZET6-114
Added Net: Name=PD0
Added Pin To Net: NetName=PD1 Pin=ZET6-115
Added Net: Name=PD1
Added Pin To Net: NetName=PD2 Pin=ZET6-116
Added Net: Name=PD2
Added Pin To Net: NetName=PD3 Pin=ZET6-117
Added Net: Name=PD3
Added Pin To Net: NetName=PD4 Pin=ZET6-118
Added Net: Name=PD4
Added Pin To Net: NetName=PD5 Pin=ZET6-119
Added Net: Name=PD5
Added Pin To Net: NetName=PD6 Pin=ZET6-122
Added Net: Name=PD6
Added Pin To Net: NetName=PD7 Pin=ZET6-123
Added Net: Name=PD7
Added Pin To Net: NetName=PD8 Pin=ZET6-77
Added Net: Name=PD8
Added Pin To Net: NetName=PD9 Pin=ZET6-78
Added Net: Name=PD9
Added Pin To Net: NetName=PD10 Pin=P0-2
Added Pin To Net: NetName=PD10 Pin=ZET6-79
Added Net: Name=PD10
Added Pin To Net: NetName=PD11 Pin=P0-4
Added Pin To Net: NetName=PD11 Pin=ZET6-80
Added Net: Name=PD11
Added Pin To Net: NetName=PD12 Pin=P0-6
Added Pin To Net: NetName=PD12 Pin=ZET6-81
Added Net: Name=PD12
Added Pin To Net: NetName=PD13 Pin=ZET6-82
Added Net: Name=PD13
Added Pin To Net: NetName=PD14 Pin=ZET6-85
Added Net: Name=PD14
Added Pin To Net: NetName=PD15 Pin=ZET6-86
Added Net: Name=PD15
Added Pin To Net: NetName=PE0 Pin=ZET6-141
Added Net: Name=PE0
Added Pin To Net: NetName=PE1 Pin=ZET6-142
Added Net: Name=PE1
Added Pin To Net: NetName=PE2 Pin=ZET6-1
Added Net: Name=PE2
Added Pin To Net: NetName=PE3 Pin=ZET6-2
Added Net: Name=PE3
Added Pin To Net: NetName=PE4 Pin=ZET6-3
Added Net: Name=PE4
Added Pin To Net: NetName=PE5 Pin=ZET6-4
Added Net: Name=PE5
Added Pin To Net: NetName=PE6 Pin=ZET6-5
Added Net: Name=PE6
Added Pin To Net: NetName=PE7 Pin=ZET6-58
Added Net: Name=PE7
Added Pin To Net: NetName=PE8 Pin=ZET6-59
Added Net: Name=PE8
Added Pin To Net: NetName=PE9 Pin=ZET6-60
Added Net: Name=PE9
Added Pin To Net: NetName=PE10 Pin=ZET6-63
Added Net: Name=PE10
Added Pin To Net: NetName=PE11 Pin=ZET6-64
Added Net: Name=PE11
Added Pin To Net: NetName=PE12 Pin=ZET6-65
Added Net: Name=PE12
Added Pin To Net: NetName=PE13 Pin=ZET6-66
Added Net: Name=PE13
Added Pin To Net: NetName=PE14 Pin=ZET6-67
Added Net: Name=PE14
Added Pin To Net: NetName=PE15 Pin=ZET6-68
Added Net: Name=PE15
Added Pin To Net: NetName=PF0 Pin=ZET6-10
Added Net: Name=PF0
Added Pin To Net: NetName=PF1 Pin=ZET6-11
Added Net: Name=PF1
Added Pin To Net: NetName=PF2 Pin=ZET6-12
Added Net: Name=PF2
Added Pin To Net: NetName=PF3 Pin=ZET6-13
Added Net: Name=PF3
Added Pin To Net: NetName=PF4 Pin=ZET6-14
Added Net: Name=PF4
Added Pin To Net: NetName=PF5 Pin=ZET6-15
Added Net: Name=PF5
Added Pin To Net: NetName=PF6 Pin=ZET6-18
Added Net: Name=PF6
Added Pin To Net: NetName=PF7 Pin=ZET6-19
Added Net: Name=PF7
Added Pin To Net: NetName=PF8 Pin=ZET6-20
Added Net: Name=PF8
Added Pin To Net: NetName=PF9 Pin=ZET6-21
Added Net: Name=PF9
Added Pin To Net: NetName=PF10 Pin=ZET6-22
Added Net: Name=PF10
Added Pin To Net: NetName=PF11 Pin=ZET6-49
Added Net: Name=PF11
Added Pin To Net: NetName=PF12 Pin=ZET6-50
Added Net: Name=PF12
Added Pin To Net: NetName=PF13 Pin=ZET6-53
Added Net: Name=PF13
Added Pin To Net: NetName=PF14 Pin=ZET6-54
Added Net: Name=PF14
Added Pin To Net: NetName=PF15 Pin=ZET6-55
Added Net: Name=PF15
Added Pin To Net: NetName=PG0 Pin=ZET6-56
Added Net: Name=PG0
Added Pin To Net: NetName=PG1 Pin=ZET6-57
Added Net: Name=PG1
Added Pin To Net: NetName=PG2 Pin=ZET6-87
Added Net: Name=PG2
Added Pin To Net: NetName=PG3 Pin=ZET6-88
Added Net: Name=PG3
Added Pin To Net: NetName=PG4 Pin=ZET6-89
Added Net: Name=PG4
Added Pin To Net: NetName=PG5 Pin=ZET6-90
Added Net: Name=PG5
Added Pin To Net: NetName=PG6 Pin=ZET6-91
Added Net: Name=PG6
Added Pin To Net: NetName=PG7 Pin=ZET6-92
Added Net: Name=PG7
Added Pin To Net: NetName=PG8 Pin=ZET6-93
Added Net: Name=PG8
Added Pin To Net: NetName=PG9 Pin=ZET6-124
Added Net: Name=PG9
Added Pin To Net: NetName=PG10 Pin=ZET6-125
Added Net: Name=PG10
Added Pin To Net: NetName=PG11 Pin=ZET6-126
Added Net: Name=PG11
Added Pin To Net: NetName=PG12 Pin=ZET6-127
Added Net: Name=PG12
Added Pin To Net: NetName=PG13 Pin=ZET6-128
Added Net: Name=PG13
Added Pin To Net: NetName=PG14 Pin=ZET6-129
Added Net: Name=PG14
Added Pin To Net: NetName=PG15 Pin=ZET6-132
Added Net: Name=PG15
Added Pin To Net: NetName=VCC Pin=*-3
Added Pin To Net: NetName=VCC Pin=C9-2
Added Pin To Net: NetName=VCC Pin=ESP8266-1
Added Pin To Net: NetName=VCC Pin=ESP8266-6
Added Pin To Net: NetName=VCC Pin=GPS-1
Added Pin To Net: NetName=VCC Pin=K1-2
Added Pin To Net: NetName=VCC Pin=PM2.5/PM10-1
Added Pin To Net: NetName=VCC Pin=R11-1
Added Pin To Net: NetName=VCC Pin=VCC-1
Added Pin To Net: NetName=VCC Pin=VCC-2
Added Pin To Net: NetName=VCC Pin=VCC-3
Added Pin To Net: NetName=VCC Pin=VCC-4
Added Pin To Net: NetName=VCC Pin=VCC-5
Added Pin To Net: NetName=VCC Pin=VCC-6
Added Pin To Net: NetName=VCC Pin=´®¿ÚÆÁ-4
Added Pin To Net: NetName=VCC Pin=¹âÕÕ-1
Added Pin To Net: NetName=VCC Pin=ÑÌÎí-1
Added Pin To Net: NetName=VCC Pin=ºìÍâ-1
Added Net: Name=VCC
Added Pin To Net: NetName=VDD_1 Pin=*-2
Added Pin To Net: NetName=VDD_1 Pin=*-2
Added Pin To Net: NetName=VDD_1 Pin=C6-2
Added Pin To Net: NetName=VDD_1 Pin=C8-2
Added Pin To Net: NetName=VDD_1 Pin=C15-2
Added Pin To Net: NetName=VDD_1 Pin=C16-2
Added Pin To Net: NetName=VDD_1 Pin=C17-1
Added Pin To Net: NetName=VDD_1 Pin=C18-2
Added Pin To Net: NetName=VDD_1 Pin=C19-2
Added Pin To Net: NetName=VDD_1 Pin=C20-2
Added Pin To Net: NetName=VDD_1 Pin=C21-2
Added Pin To Net: NetName=VDD_1 Pin=C22-2
Added Pin To Net: NetName=VDD_1 Pin=C23-2
Added Pin To Net: NetName=VDD_1 Pin=C24-2
Added Pin To Net: NetName=VDD_1 Pin=C25-2
Added Pin To Net: NetName=VDD_1 Pin=C26-2
Added Pin To Net: NetName=VDD_1 Pin=P1-1
Added Pin To Net: NetName=VDD_1 Pin=R2-2
Added Pin To Net: NetName=VDD_1 Pin=R4-1
Added Pin To Net: NetName=VDD_1 Pin=R5-1
Added Pin To Net: NetName=VDD_1 Pin=ZET6-17
Added Pin To Net: NetName=VDD_1 Pin=ZET6-39
Added Pin To Net: NetName=VDD_1 Pin=ZET6-52
Added Pin To Net: NetName=VDD_1 Pin=ZET6-62
Added Pin To Net: NetName=VDD_1 Pin=ZET6-72
Added Pin To Net: NetName=VDD_1 Pin=ZET6-84
Added Pin To Net: NetName=VDD_1 Pin=ZET6-95
Added Pin To Net: NetName=VDD_1 Pin=ZET6-108
Added Pin To Net: NetName=VDD_1 Pin=ZET6-121
Added Pin To Net: NetName=VDD_1 Pin=ZET6-131
Added Pin To Net: NetName=VDD_1 Pin=ZET6-144
Added Net: Name=VDD_1
Added Pin To Net: NetName=VDDA Pin=R5-2
Added Pin To Net: NetName=VDDA Pin=ZET6-33
Added Net: Name=VDDA
Added Pin To Net: NetName=VREF+ Pin=R4-2
Added Pin To Net: NetName=VREF+ Pin=ZET6-32
Added Net: Name=VREF+
Added Pin To Net: NetName=VREF- Pin=R6-1
Added Pin To Net: NetName=VREF- Pin=ZET6-31
Added Net: Name=VREF-
Added Pin To Net: NetName=VSS_1 Pin=*-1
Added Pin To Net: NetName=VSS_1 Pin=C1-1
Added Pin To Net: NetName=VSS_1 Pin=C2-1
Added Pin To Net: NetName=VSS_1 Pin=C3-1
Added Pin To Net: NetName=VSS_1 Pin=C4-1
Added Pin To Net: NetName=VSS_1 Pin=c5-1
Added Pin To Net: NetName=VSS_1 Pin=C6-1
Added Pin To Net: NetName=VSS_1 Pin=C8-1
Added Pin To Net: NetName=VSS_1 Pin=C9-1
Added Pin To Net: NetName=VSS_1 Pin=C15-1
Added Pin To Net: NetName=VSS_1 Pin=C16-1
Added Pin To Net: NetName=VSS_1 Pin=C17-2
Added Pin To Net: NetName=VSS_1 Pin=C18-1
Added Pin To Net: NetName=VSS_1 Pin=C19-1
Added Pin To Net: NetName=VSS_1 Pin=C20-1
Added Pin To Net: NetName=VSS_1 Pin=C21-1
Added Pin To Net: NetName=VSS_1 Pin=C22-1
Added Pin To Net: NetName=VSS_1 Pin=C23-1
Added Pin To Net: NetName=VSS_1 Pin=C24-1
Added Pin To Net: NetName=VSS_1 Pin=C25-1
Added Pin To Net: NetName=VSS_1 Pin=C26-1
Added Pin To Net: NetName=VSS_1 Pin=D1-2
Added Pin To Net: NetName=VSS_1 Pin=ESP8266-2
Added Pin To Net: NetName=VSS_1 Pin=GND-1
Added Pin To Net: NetName=VSS_1 Pin=GND-2
Added Pin To Net: NetName=VSS_1 Pin=GND-3
Added Pin To Net: NetName=VSS_1 Pin=GND-4
Added Pin To Net: NetName=VSS_1 Pin=GND-5
Added Pin To Net: NetName=VSS_1 Pin=GND-6
Added Pin To Net: NetName=VSS_1 Pin=GPS-4
Added Pin To Net: NetName=VSS_1 Pin=P1-2
Added Pin To Net: NetName=VSS_1 Pin=P6-2
Added Pin To Net: NetName=VSS_1 Pin=PM2.5/PM10-4
Added Pin To Net: NetName=VSS_1 Pin=R1-2
Added Pin To Net: NetName=VSS_1 Pin=R3-2
Added Pin To Net: NetName=VSS_1 Pin=R6-2
Added Pin To Net: NetName=VSS_1 Pin=S1-1
Added Pin To Net: NetName=VSS_1 Pin=ZET6-16
Added Pin To Net: NetName=VSS_1 Pin=ZET6-30
Added Pin To Net: NetName=VSS_1 Pin=ZET6-38
Added Pin To Net: NetName=VSS_1 Pin=ZET6-51
Added Pin To Net: NetName=VSS_1 Pin=ZET6-61
Added Pin To Net: NetName=VSS_1 Pin=ZET6-71
Added Pin To Net: NetName=VSS_1 Pin=ZET6-83
Added Pin To Net: NetName=VSS_1 Pin=ZET6-94
Added Pin To Net: NetName=VSS_1 Pin=ZET6-107
Added Pin To Net: NetName=VSS_1 Pin=ZET6-120
Added Pin To Net: NetName=VSS_1 Pin=ZET6-130
Added Pin To Net: NetName=VSS_1 Pin=ZET6-143
Added Pin To Net: NetName=VSS_1 Pin=´®¿ÚÆÁ-1
Added Pin To Net: NetName=VSS_1 Pin=¹âÕÕ-3
Added Pin To Net: NetName=VSS_1 Pin=ÑÌÎí-3
Added Pin To Net: NetName=VSS_1 Pin=ºìÍâ-3
Added Net: Name=VSS_1
Added Class: Name=1
Added Room: Name=1
